f:\workspace\vs2013\thread_pool\threadpool\debug\vc120.pdb
f:\workspace\vs2013\thread_pool\threadpool\debug\vc120.idb
f:\workspace\vs2013\thread_pool\threadpool\debug\clmutex.obj
f:\workspace\vs2013\thread_pool\threadpool\debug\cthread.obj
f:\workspace\vs2013\thread_pool\threadpool\debug\main.obj
f:\workspace\vs2013\thread_pool\threadpool\debug\clthreadpool.obj
f:\workspace\vs2013\thread_pool\debug\threadpool.pdb
f:\workspace\vs2013\thread_pool\threadpool\debug\threadpool.tlog\cl.command.1.tlog
f:\workspace\vs2013\thread_pool\threadpool\debug\threadpool.tlog\cl.read.1.tlog
f:\workspace\vs2013\thread_pool\threadpool\debug\threadpool.tlog\cl.write.1.tlog
f:\workspace\vs2013\thread_pool\threadpool\debug\threadpool.tlog\link-cvtres.read.1.tlog
f:\workspace\vs2013\thread_pool\threadpool\debug\threadpool.tlog\link-cvtres.write.1.tlog
f:\workspace\vs2013\thread_pool\threadpool\debug\threadpool.tlog\link-rc.read.1.tlog
f:\workspace\vs2013\thread_pool\threadpool\debug\threadpool.tlog\link-rc.write.1.tlog
f:\workspace\vs2013\thread_pool\threadpool\debug\threadpool.tlog\link.8488-cvtres.read.1.tlog
f:\workspace\vs2013\thread_pool\threadpool\debug\threadpool.tlog\link.8488-cvtres.write.1.tlog
f:\workspace\vs2013\thread_pool\threadpool\debug\threadpool.tlog\link.8488-rc.read.1.tlog
f:\workspace\vs2013\thread_pool\threadpool\debug\threadpool.tlog\link.8488-rc.write.1.tlog
f:\workspace\vs2013\thread_pool\threadpool\debug\threadpool.tlog\link.8488.read.1.tlog
f:\workspace\vs2013\thread_pool\threadpool\debug\threadpool.tlog\link.8488.write.1.tlog
f:\workspace\vs2013\thread_pool\threadpool\debug\threadpool.tlog\link.command.1.tlog
f:\workspace\vs2013\thread_pool\threadpool\debug\threadpool.tlog\link.read.1.tlog
f:\workspace\vs2013\thread_pool\threadpool\debug\threadpool.tlog\link.write.1.tlog
